\BOOKMARK [0][-]{section*.1}{\376\377\000D\000e\000c\000l\000a\000r\000a\000t\000i\000o\000n\000\040\000o\000f\000\040\000A\000u\000t\000h\000o\000r\000s\000h\000i\000p}{}% 1
\BOOKMARK [0][-]{section*.2}{\376\377\000A\000b\000s\000t\000r\000a\000c\000t}{}% 2
\BOOKMARK [0][-]{chapter.11}{\376\377\000I\000n\000t\000r\000o\000d\000u\000c\000t\000i\000o\000n}{}% 3
\BOOKMARK [0][-]{chapter.12}{\376\377\000B\000u\000s\000i\000n\000e\000s\000s\000\040\000P\000r\000o\000c\000e\000s\000s\000\040\000M\000i\000n\000i\000n\000g}{}% 4
\BOOKMARK [1][-]{section.13}{\376\377\000B\000a\000s\000i\000c\000\040\000C\000o\000n\000c\000e\000p\000t\000s\000\040\000o\000f\000\040\000P\000r\000o\000c\000e\000s\000s\000\040\000M\000i\000n\000i\000n\000g}{chapter.12}% 5
\BOOKMARK [2][-]{subsection.15}{\376\377\000E\000v\000e\000n\000t\000\040\000l\000o\000g\000s\000,\000\040\000P\000e\000t\000r\000i\000\040\000n\000e\000t\000s\000\040\000a\000n\000d\000\040\000m\000o\000d\000e\000l\000\040\000c\000r\000i\000t\000e\000r\000i\000a}{section.13}% 6
\BOOKMARK [2][-]{subsection.26}{\376\377\000C\000a\000u\000s\000a\000l\000\040\000N\000e\000t\000s}{section.13}% 7
\BOOKMARK [1][-]{section.30}{\376\377\000M\000i\000n\000i\000n\000g\000\040\000M\000e\000t\000h\000o\000d\000s}{chapter.12}% 8
\BOOKMARK [2][-]{subsection.31}{\376\377\000A\000l\000p\000h\000a\000\040\000M\000i\000n\000e\000r}{section.30}% 9
\BOOKMARK [2][-]{subsection.34}{\376\377\000H\000e\000u\000r\000i\000s\000t\000i\000c\000s\000\040\000M\000i\000n\000e\000r\000\040\000\050\000H\000M\000\051}{section.30}% 10
\BOOKMARK [2][-]{subsection.36}{\376\377\000I\000n\000d\000u\000c\000t\000i\000v\000e\000\040\000M\000i\000n\000e\000r\000\040\000\050\000I\000M\000\051}{section.30}% 11
\BOOKMARK [1][-]{section.41}{\376\377\000T\000h\000e\000\040\000D\000a\000t\000a\000-\000a\000w\000a\000r\000e\000\040\000H\000e\000u\000r\000i\000s\000t\000i\000c\000\040\000M\000i\000n\000e\000r\000\040\000\050\000D\000H\000M\000\051}{chapter.12}% 12
\BOOKMARK [2][-]{subsection.42}{\376\377\000D\000a\000t\000a\000-\000a\000w\000a\000r\000e\000\040\000D\000e\000p\000e\000n\000d\000e\000n\000c\000y\000\040\000M\000e\000a\000s\000u\000r\000e\000s}{section.41}% 13
\BOOKMARK [2][-]{subsection.50}{\376\377\000T\000r\000a\000i\000n\000i\000n\000g\000\040\000a\000\040\000c\000l\000a\000s\000s\000i\000f\000i\000e\000r\000\040\000f\000o\000r\000\040\000t\000h\000e\000\040\000d\000e\000p\000e\000n\000d\000e\000n\000c\000y\000\040\000c\000o\000n\000d\000i\000t\000i\000o\000n}{section.41}% 14
\BOOKMARK [2][-]{subsection.57}{\376\377\000T\000u\000n\000i\000n\000g\000\040\000n\000o\000i\000s\000e\000\040\000f\000i\000l\000t\000e\000r\000i\000n\000g\000\040\000c\000a\000p\000a\000b\000i\000l\000i\000t\000i\000e\000s\000\040\000a\000n\000d\000\040\000d\000i\000s\000c\000o\000v\000e\000r\000i\000n\000g\000\040\000C\000-\000n\000e\000t\000s}{section.41}% 15
\BOOKMARK [0][-]{chapter.64}{\376\377\000R\000e\000s\000u\000l\000t\000\040\000R\000e\000p\000r\000o\000d\000u\000c\000t\000i\000o\000n}{}% 16
\BOOKMARK [1][-]{section.65}{\376\377\000S\000y\000n\000t\000h\000e\000t\000i\000c\000\040\000D\000a\000t\000a\000\040\000L\000o\000g\000s}{chapter.64}% 17
\BOOKMARK [2][-]{subsection.66}{\376\377\000E\000v\000a\000l\000u\000a\000t\000i\000o\000n\000\040\000d\000e\000s\000i\000g\000n\000\040\000a\000n\000d\000\040\000m\000e\000t\000h\000o\000d\000s}{section.65}% 18
\BOOKMARK [1][-]{section.68}{\376\377\000H\000o\000s\000p\000i\000t\000a\000l\000\040\000B\000i\000l\000l\000i\000n\000g}{chapter.64}% 19
\BOOKMARK [1][-]{section.69}{\376\377\000R\000o\000a\000d\000\040\000F\000i\000n\000e\000s}{chapter.64}% 20
\BOOKMARK [0][-]{appendix*.70}{\376\377\000B\000i\000b\000l\000i\000o\000g\000r\000a\000p\000h\000y}{}% 21
